<?xml version="1.0" encoding="UTF-8"?>
<testsuite name="com.everyparking.server.ServerApplicationTests" tests="1" skipped="0" failures="0" errors="0" timestamp="2023-04-28T05:10:23" hostname="gimgyubaeg-ui-MacBookPro.local" time="0.083">
  <properties/>
  <testcase name="contextLoads()" classname="com.everyparking.server.ServerApplicationTests" time="0.083"/>
  <system-out><![CDATA[14:10:13.540 [Test worker] DEBUG org.springframework.test.context.BootstrapUtils - Instantiating CacheAwareContextLoaderDelegate from class [org.springframework.test.context.cache.DefaultCacheAwareContextLoaderDelegate]
14:10:13.549 [Test worker] DEBUG org.springframework.test.context.BootstrapUtils - Instantiating BootstrapContext using constructor [public org.springframework.test.context.support.DefaultBootstrapContext(java.lang.Class,org.springframework.test.context.CacheAwareContextLoaderDelegate)]
14:10:13.574 [Test worker] DEBUG org.springframework.test.context.BootstrapUtils - Instantiating TestContextBootstrapper for test class [com.everyparking.server.ServerApplicationTests] from class [org.springframework.boot.test.context.SpringBootTestContextBootstrapper]
14:10:13.584 [Test worker] INFO org.springframework.boot.test.context.SpringBootTestContextBootstrapper - Neither @ContextConfiguration nor @ContextHierarchy found for test class [com.everyparking.server.ServerApplicationTests], using SpringBootContextLoader
14:10:13.586 [Test worker] DEBUG org.springframework.test.context.support.AbstractContextLoader - Did not detect default resource location for test class [com.everyparking.server.ServerApplicationTests]: class path resource [com/everyparking/server/ServerApplicationTests-context.xml] does not exist
14:10:13.587 [Test worker] DEBUG org.springframework.test.context.support.AbstractContextLoader - Did not detect default resource location for test class [com.everyparking.server.ServerApplicationTests]: class path resource [com/everyparking/server/ServerApplicationTestsContext.groovy] does not exist
14:10:13.587 [Test worker] INFO org.springframework.test.context.support.AbstractContextLoader - Could not detect default resource locations for test class [com.everyparking.server.ServerApplicationTests]: no resource found for suffixes {-context.xml, Context.groovy}.
14:10:13.588 [Test worker] INFO org.springframework.test.context.support.AnnotationConfigContextLoaderUtils - Could not detect default configuration classes for test class [com.everyparking.server.ServerApplicationTests]: ServerApplicationTests does not declare any static, non-private, non-final, nested classes annotated with @Configuration.
14:10:13.624 [Test worker] DEBUG org.springframework.test.context.support.ActiveProfilesUtils - Could not find an 'annotation declaring class' for annotation type [org.springframework.test.context.ActiveProfiles] and class [com.everyparking.server.ServerApplicationTests]
14:10:13.667 [Test worker] DEBUG org.springframework.context.annotation.ClassPathScanningCandidateComponentProvider - Identified candidate component class: file [/Users/gimgyubaeg/Desktop/EveryParking/server/build/classes/java/main/com/everyparking/server/ServerApplication.class]
14:10:13.668 [Test worker] INFO org.springframework.boot.test.context.SpringBootTestContextBootstrapper - Found @SpringBootConfiguration com.everyparking.server.ServerApplication for test class com.everyparking.server.ServerApplicationTests
14:10:13.737 [Test worker] DEBUG org.springframework.boot.test.context.SpringBootTestContextBootstrapper - @TestExecutionListeners is not present for class [com.everyparking.server.ServerApplicationTests]: using defaults.
14:10:13.738 [Test worker] INFO org.springframework.boot.test.context.SpringBootTestContextBootstrapper - Loaded default TestExecutionListener class names from location [META-INF/spring.factories]: [org.springframework.boot.test.autoconfigure.restdocs.RestDocsTestExecutionListener, org.springframework.boot.test.autoconfigure.web.client.MockRestServiceServerResetTestExecutionListener, org.springframework.boot.test.autoconfigure.web.servlet.MockMvcPrintOnlyOnFailureTestExecutionListener, org.springframework.boot.test.autoconfigure.web.servlet.WebDriverTestExecutionListener, org.springframework.boot.test.autoconfigure.webservices.client.MockWebServiceServerTestExecutionListener, org.springframework.boot.test.mock.mockito.MockitoTestExecutionListener, org.springframework.boot.test.mock.mockito.ResetMocksTestExecutionListener, org.springframework.test.context.web.ServletTestExecutionListener, org.springframework.test.context.support.DirtiesContextBeforeModesTestExecutionListener, org.springframework.test.context.event.ApplicationEventsTestExecutionListener, org.springframework.test.context.support.DependencyInjectionTestExecutionListener, org.springframework.test.context.support.DirtiesContextTestExecutionListener, org.springframework.test.context.transaction.TransactionalTestExecutionListener, org.springframework.test.context.jdbc.SqlScriptsTestExecutionListener, org.springframework.test.context.event.EventPublishingTestExecutionListener]
14:10:13.753 [Test worker] INFO org.springframework.boot.test.context.SpringBootTestContextBootstrapper - Using TestExecutionListeners: [org.springframework.test.context.web.ServletTestExecutionListener@473b3b7a, org.springframework.test.context.support.DirtiesContextBeforeModesTestExecutionListener@1734f68, org.springframework.test.context.event.ApplicationEventsTestExecutionListener@77b7ffa4, org.springframework.boot.test.mock.mockito.MockitoTestExecutionListener@5ed190be, org.springframework.boot.test.autoconfigure.SpringBootDependencyInjectionTestExecutionListener@402f80f5, org.springframework.test.context.support.DirtiesContextTestExecutionListener@5bbc9f97, org.springframework.test.context.transaction.TransactionalTestExecutionListener@133e019b, org.springframework.test.context.jdbc.SqlScriptsTestExecutionListener@41382722, org.springframework.test.context.event.EventPublishingTestExecutionListener@7dac3fd8, org.springframework.boot.test.autoconfigure.restdocs.RestDocsTestExecutionListener@425357dd, org.springframework.boot.test.autoconfigure.web.client.MockRestServiceServerResetTestExecutionListener@2102a4d5, org.springframework.boot.test.autoconfigure.web.servlet.MockMvcPrintOnlyOnFailureTestExecutionListener@210386e0, org.springframework.boot.test.autoconfigure.web.servlet.WebDriverTestExecutionListener@3d4d3fe7, org.springframework.boot.test.autoconfigure.webservices.client.MockWebServiceServerTestExecutionListener@65f87a2c, org.springframework.boot.test.mock.mockito.ResetMocksTestExecutionListener@51684e4a]
14:10:13.760 [Test worker] DEBUG org.springframework.test.context.support.AbstractDirtiesContextTestExecutionListener - Before test class: context [DefaultTestContext@6cc0bcf6 testClass = ServerApplicationTests, testInstance = [null], testMethod = [null], testException = [null], mergedContextConfiguration = [WebMergedContextConfiguration@29539e36 testClass = ServerApplicationTests, locations = '{}', classes = '{class com.everyparking.server.ServerApplication}', contextInitializerClasses = '[]', activeProfiles = '{}', propertySourceLocations = '{}', propertySourceProperties = '{org.springframework.boot.test.context.SpringBootTestContextBootstrapper=true}', contextCustomizers = set[org.springframework.boot.test.autoconfigure.actuate.metrics.MetricsExportContextCustomizerFactory$DisableMetricExportContextCustomizer@1522d8a0, org.springframework.boot.test.autoconfigure.properties.PropertyMappingContextCustomizer@0, org.springframework.boot.test.autoconfigure.web.servlet.WebDriverContextCustomizerFactory$Customizer@549949be, org.springframework.boot.test.context.filter.ExcludeFilterContextCustomizer@39ad977d, org.springframework.boot.test.json.DuplicateJsonObjectContextCustomizerFactory$DuplicateJsonObjectContextCustomizer@18025ced, org.springframework.boot.test.mock.mockito.MockitoContextCustomizer@0, org.springframework.boot.test.web.client.TestRestTemplateContextCustomizer@2974f221, org.springframework.boot.test.context.SpringBootTestArgs@1, org.springframework.boot.test.context.SpringBootTestWebEnvironment@e3b3b2f], resourceBasePath = 'src/main/webapp', contextLoader = 'org.springframework.boot.test.context.SpringBootContextLoader', parent = [null]], attributes = map['org.springframework.test.context.web.ServletTestExecutionListener.activateListener' -> true]], class annotated with @DirtiesContext [false] with mode [null].

  .   ____          _            __ _ _
 /\\ / ___'_ __ _ _(_)_ __  __ _ \ \ \ \
( ( )\___ | '_ | '_| | '_ \/ _` | \ \ \ \
 \\/  ___)| |_)| | | | | || (_| |  ) ) ) )
  '  |____| .__|_| |_|_| |_\__, | / / / /
 =========|_|==============|___/=/_/_/_/
 :: Spring Boot ::                (v2.7.9)

2023-04-28 14:10:14.265  INFO 24941 --- [    Test worker] c.e.server.ServerApplicationTests        : Starting ServerApplicationTests using Java 11.0.11 on gimgyubaeg-ui-MacBookPro.local with PID 24941 (started by gimgyubaeg in /Users/gimgyubaeg/Desktop/EveryParking/server)
2023-04-28 14:10:14.266  INFO 24941 --- [    Test worker] c.e.server.ServerApplicationTests        : No active profile set, falling back to 1 default profile: "default"
2023-04-28 14:10:14.759  INFO 24941 --- [    Test worker] .s.d.r.c.RepositoryConfigurationDelegate : Bootstrapping Spring Data JPA repositories in DEFAULT mode.
2023-04-28 14:10:14.806  INFO 24941 --- [    Test worker] .s.d.r.c.RepositoryConfigurationDelegate : Finished Spring Data repository scanning in 42 ms. Found 5 JPA repository interfaces.
2023-04-28 14:10:15.214  INFO 24941 --- [    Test worker] o.hibernate.jpa.internal.util.LogHelper  : HHH000204: Processing PersistenceUnitInfo [name: default]
2023-04-28 14:10:15.250  INFO 24941 --- [    Test worker] org.hibernate.Version                    : HHH000412: Hibernate ORM core version 5.6.15.Final
2023-04-28 14:10:15.390  INFO 24941 --- [    Test worker] o.hibernate.annotations.common.Version   : HCANN000001: Hibernate Commons Annotations {5.1.2.Final}
2023-04-28 14:10:15.413 DEBUG 24941 --- [    Test worker] org.hibernate.type.BasicTypeRegistry     : Adding type registration boolean -> org.hibernate.type.BooleanType@72b2c5ed
2023-04-28 14:10:15.413 DEBUG 24941 --- [    Test worker] org.hibernate.type.BasicTypeRegistry     : Adding type registration boolean -> org.hibernate.type.BooleanType@72b2c5ed
2023-04-28 14:10:15.413 DEBUG 24941 --- [    Test worker] org.hibernate.type.BasicTypeRegistry     : Adding type registration java.lang.Boolean -> org.hibernate.type.BooleanType@72b2c5ed
2023-04-28 14:10:15.414 DEBUG 24941 --- [    Test worker] org.hibernate.type.BasicTypeRegistry     : Adding type registration numeric_boolean -> org.hibernate.type.NumericBooleanType@1600a8a2
2023-04-28 14:10:15.414 DEBUG 24941 --- [    Test worker] org.hibernate.type.BasicTypeRegistry     : Adding type registration true_false -> org.hibernate.type.TrueFalseType@7b95bdb0
2023-04-28 14:10:15.415 DEBUG 24941 --- [    Test worker] org.hibernate.type.BasicTypeRegistry     : Adding type registration yes_no -> org.hibernate.type.YesNoType@423f8a73
2023-04-28 14:10:15.415 DEBUG 24941 --- [    Test worker] org.hibernate.type.BasicTypeRegistry     : Adding type registration byte -> org.hibernate.type.ByteType@1201769d
2023-04-28 14:10:15.415 DEBUG 24941 --- [    Test worker] org.hibernate.type.BasicTypeRegistry     : Adding type registration byte -> org.hibernate.type.ByteType@1201769d
2023-04-28 14:10:15.416 DEBUG 24941 --- [    Test worker] org.hibernate.type.BasicTypeRegistry     : Adding type registration java.lang.Byte -> org.hibernate.type.ByteType@1201769d
2023-04-28 14:10:15.416 DEBUG 24941 --- [    Test worker] org.hibernate.type.BasicTypeRegistry     : Adding type registration character -> org.hibernate.type.CharacterType@504497fa
2023-04-28 14:10:15.416 DEBUG 24941 --- [    Test worker] org.hibernate.type.BasicTypeRegistry     : Adding type registration char -> org.hibernate.type.CharacterType@504497fa
2023-04-28 14:10:15.416 DEBUG 24941 --- [    Test worker] org.hibernate.type.BasicTypeRegistry     : Adding type registration java.lang.Character -> org.hibernate.type.CharacterType@504497fa
2023-04-28 14:10:15.417 DEBUG 24941 --- [    Test worker] org.hibernate.type.BasicTypeRegistry     : Adding type registration short -> org.hibernate.type.ShortType@6b5c134e
2023-04-28 14:10:15.417 DEBUG 24941 --- [    Test worker] org.hibernate.type.BasicTypeRegistry     : Adding type registration short -> org.hibernate.type.ShortType@6b5c134e
2023-04-28 14:10:15.418 DEBUG 24941 --- [    Test worker] org.hibernate.type.BasicTypeRegistry     : Adding type registration java.lang.Short -> org.hibernate.type.ShortType@6b5c134e
2023-04-28 14:10:15.418 DEBUG 24941 --- [    Test worker] org.hibernate.type.BasicTypeRegistry     : Adding type registration integer -> org.hibernate.type.IntegerType@24691c5
2023-04-28 14:10:15.418 DEBUG 24941 --- [    Test worker] org.hibernate.type.BasicTypeRegistry     : Adding type registration int -> org.hibernate.type.IntegerType@24691c5
2023-04-28 14:10:15.419 DEBUG 24941 --- [    Test worker] org.hibernate.type.BasicTypeRegistry     : Adding type registration java.lang.Integer -> org.hibernate.type.IntegerType@24691c5
2023-04-28 14:10:15.419 DEBUG 24941 --- [    Test worker] org.hibernate.type.BasicTypeRegistry     : Adding type registration long -> org.hibernate.type.LongType@5cc1bf20
2023-04-28 14:10:15.419 DEBUG 24941 --- [    Test worker] org.hibernate.type.BasicTypeRegistry     : Adding type registration long -> org.hibernate.type.LongType@5cc1bf20
2023-04-28 14:10:15.420 DEBUG 24941 --- [    Test worker] org.hibernate.type.BasicTypeRegistry     : Adding type registration java.lang.Long -> org.hibernate.type.LongType@5cc1bf20
2023-04-28 14:10:15.420 DEBUG 24941 --- [    Test worker] org.hibernate.type.BasicTypeRegistry     : Adding type registration float -> org.hibernate.type.FloatType@bd93bc3
2023-04-28 14:10:15.420 DEBUG 24941 --- [    Test worker] org.hibernate.type.BasicTypeRegistry     : Adding type registration float -> org.hibernate.type.FloatType@bd93bc3
2023-04-28 14:10:15.420 DEBUG 24941 --- [    Test worker] org.hibernate.type.BasicTypeRegistry     : Adding type registration java.lang.Float -> org.hibernate.type.FloatType@bd93bc3
2023-04-28 14:10:15.421 DEBUG 24941 --- [    Test worker] org.hibernate.type.BasicTypeRegistry     : Adding type registration double -> org.hibernate.type.DoubleType@55bf35e5
2023-04-28 14:10:15.421 DEBUG 24941 --- [    Test worker] org.hibernate.type.BasicTypeRegistry     : Adding type registration double -> org.hibernate.type.DoubleType@55bf35e5
2023-04-28 14:10:15.421 DEBUG 24941 --- [    Test worker] org.hibernate.type.BasicTypeRegistry     : Adding type registration java.lang.Double -> org.hibernate.type.DoubleType@55bf35e5
2023-04-28 14:10:15.422 DEBUG 24941 --- [    Test worker] org.hibernate.type.BasicTypeRegistry     : Adding type registration big_decimal -> org.hibernate.type.BigDecimalType@6b16de91
2023-04-28 14:10:15.422 DEBUG 24941 --- [    Test worker] org.hibernate.type.BasicTypeRegistry     : Adding type registration java.math.BigDecimal -> org.hibernate.type.BigDecimalType@6b16de91
2023-04-28 14:10:15.423 DEBUG 24941 --- [    Test worker] org.hibernate.type.BasicTypeRegistry     : Adding type registration big_integer -> org.hibernate.type.BigIntegerType@685d7ba5
2023-04-28 14:10:15.423 DEBUG 24941 --- [    Test worker] org.hibernate.type.BasicTypeRegistry     : Adding type registration java.math.BigInteger -> org.hibernate.type.BigIntegerType@685d7ba5
2023-04-28 14:10:15.423 DEBUG 24941 --- [    Test worker] org.hibernate.type.BasicTypeRegistry     : Adding type registration string -> org.hibernate.type.StringType@76d0ecd7
2023-04-28 14:10:15.424 DEBUG 24941 --- [    Test worker] org.hibernate.type.BasicTypeRegistry     : Adding type registration java.lang.String -> org.hibernate.type.StringType@76d0ecd7
2023-04-28 14:10:15.424 DEBUG 24941 --- [    Test worker] org.hibernate.type.BasicTypeRegistry     : Adding type registration nstring -> org.hibernate.type.StringNVarcharType@35ac9ebd
2023-04-28 14:10:15.424 DEBUG 24941 --- [    Test worker] org.hibernate.type.BasicTypeRegistry     : Adding type registration ncharacter -> org.hibernate.type.CharacterNCharType@c472300
2023-04-28 14:10:15.425 DEBUG 24941 --- [    Test worker] org.hibernate.type.BasicTypeRegistry     : Adding type registration url -> org.hibernate.type.UrlType@2dac2e1b
2023-04-28 14:10:15.425 DEBUG 24941 --- [    Test worker] org.hibernate.type.BasicTypeRegistry     : Adding type registration java.net.URL -> org.hibernate.type.UrlType@2dac2e1b
2023-04-28 14:10:15.426 DEBUG 24941 --- [    Test worker] org.hibernate.type.BasicTypeRegistry     : Adding type registration Duration -> org.hibernate.type.DurationType@50f4b83d
2023-04-28 14:10:15.426 DEBUG 24941 --- [    Test worker] org.hibernate.type.BasicTypeRegistry     : Adding type registration java.time.Duration -> org.hibernate.type.DurationType@50f4b83d
2023-04-28 14:10:15.427 DEBUG 24941 --- [    Test worker] org.hibernate.type.BasicTypeRegistry     : Adding type registration Instant -> org.hibernate.type.InstantType@ac4915e
2023-04-28 14:10:15.427 DEBUG 24941 --- [    Test worker] org.hibernate.type.BasicTypeRegistry     : Adding type registration java.time.Instant -> org.hibernate.type.InstantType@ac4915e
2023-04-28 14:10:15.428 DEBUG 24941 --- [    Test worker] org.hibernate.type.BasicTypeRegistry     : Adding type registration LocalDateTime -> org.hibernate.type.LocalDateTimeType@2bcda694
2023-04-28 14:10:15.428 DEBUG 24941 --- [    Test worker] org.hibernate.type.BasicTypeRegistry     : Adding type registration java.time.LocalDateTime -> org.hibernate.type.LocalDateTimeType@2bcda694
2023-04-28 14:10:15.428 DEBUG 24941 --- [    Test worker] org.hibernate.type.BasicTypeRegistry     : Adding type registration LocalDate -> org.hibernate.type.LocalDateType@221ca495
2023-04-28 14:10:15.429 DEBUG 24941 --- [    Test worker] org.hibernate.type.BasicTypeRegistry     : Adding type registration java.time.LocalDate -> org.hibernate.type.LocalDateType@221ca495
2023-04-28 14:10:15.429 DEBUG 24941 --- [    Test worker] org.hibernate.type.BasicTypeRegistry     : Adding type registration LocalTime -> org.hibernate.type.LocalTimeType@3ec9f8d
2023-04-28 14:10:15.429 DEBUG 24941 --- [    Test worker] org.hibernate.type.BasicTypeRegistry     : Adding type registration java.time.LocalTime -> org.hibernate.type.LocalTimeType@3ec9f8d
2023-04-28 14:10:15.430 DEBUG 24941 --- [    Test worker] org.hibernate.type.BasicTypeRegistry     : Adding type registration OffsetDateTime -> org.hibernate.type.OffsetDateTimeType@51424203
2023-04-28 14:10:15.430 DEBUG 24941 --- [    Test worker] org.hibernate.type.BasicTypeRegistry     : Adding type registration java.time.OffsetDateTime -> org.hibernate.type.OffsetDateTimeType@51424203
2023-04-28 14:10:15.431 DEBUG 24941 --- [    Test worker] org.hibernate.type.BasicTypeRegistry     : Adding type registration OffsetTime -> org.hibernate.type.OffsetTimeType@721bf7ad
2023-04-28 14:10:15.431 DEBUG 24941 --- [    Test worker] org.hibernate.type.BasicTypeRegistry     : Adding type registration java.time.OffsetTime -> org.hibernate.type.OffsetTimeType@721bf7ad
2023-04-28 14:10:15.433 DEBUG 24941 --- [    Test worker] org.hibernate.type.BasicTypeRegistry     : Adding type registration ZonedDateTime -> org.hibernate.type.ZonedDateTimeType@270d5060
2023-04-28 14:10:15.433 DEBUG 24941 --- [    Test worker] org.hibernate.type.BasicTypeRegistry     : Adding type registration java.time.ZonedDateTime -> org.hibernate.type.ZonedDateTimeType@270d5060
2023-04-28 14:10:15.434 DEBUG 24941 --- [    Test worker] org.hibernate.type.BasicTypeRegistry     : Adding type registration date -> org.hibernate.type.DateType@3afca2c
2023-04-28 14:10:15.434 DEBUG 24941 --- [    Test worker] org.hibernate.type.BasicTypeRegistry     : Adding type registration java.sql.Date -> org.hibernate.type.DateType@3afca2c
2023-04-28 14:10:15.435 DEBUG 24941 --- [    Test worker] org.hibernate.type.BasicTypeRegistry     : Adding type registration time -> org.hibernate.type.TimeType@532dacf5
2023-04-28 14:10:15.435 DEBUG 24941 --- [    Test worker] org.hibernate.type.BasicTypeRegistry     : Adding type registration java.sql.Time -> org.hibernate.type.TimeType@532dacf5
2023-04-28 14:10:15.436 DEBUG 24941 --- [    Test worker] org.hibernate.type.BasicTypeRegistry     : Adding type registration timestamp -> org.hibernate.type.TimestampType@112c2930
2023-04-28 14:10:15.436 DEBUG 24941 --- [    Test worker] org.hibernate.type.BasicTypeRegistry     : Adding type registration java.sql.Timestamp -> org.hibernate.type.TimestampType@112c2930
2023-04-28 14:10:15.436 DEBUG 24941 --- [    Test worker] org.hibernate.type.BasicTypeRegistry     : Adding type registration java.util.Date -> org.hibernate.type.TimestampType@112c2930
2023-04-28 14:10:15.437 DEBUG 24941 --- [    Test worker] org.hibernate.type.BasicTypeRegistry     : Adding type registration dbtimestamp -> org.hibernate.type.DbTimestampType@1f758e4f
2023-04-28 14:10:15.438 DEBUG 24941 --- [    Test worker] org.hibernate.type.BasicTypeRegistry     : Adding type registration calendar -> org.hibernate.type.CalendarType@61853c7e
2023-04-28 14:10:15.438 DEBUG 24941 --- [    Test worker] org.hibernate.type.BasicTypeRegistry     : Adding type registration java.util.Calendar -> org.hibernate.type.CalendarType@61853c7e
2023-04-28 14:10:15.438 DEBUG 24941 --- [    Test worker] org.hibernate.type.BasicTypeRegistry     : Adding type registration java.util.GregorianCalendar -> org.hibernate.type.CalendarType@61853c7e
2023-04-28 14:10:15.439 DEBUG 24941 --- [    Test worker] org.hibernate.type.BasicTypeRegistry     : Adding type registration calendar_date -> org.hibernate.type.CalendarDateType@44641d6c
2023-04-28 14:10:15.439 DEBUG 24941 --- [    Test worker] org.hibernate.type.BasicTypeRegistry     : Adding type registration calendar_time -> org.hibernate.type.CalendarTimeType@26874f2c
2023-04-28 14:10:15.440 DEBUG 24941 --- [    Test worker] org.hibernate.type.BasicTypeRegistry     : Adding type registration locale -> org.hibernate.type.LocaleType@5323999f
2023-04-28 14:10:15.440 DEBUG 24941 --- [    Test worker] org.hibernate.type.BasicTypeRegistry     : Adding type registration java.util.Locale -> org.hibernate.type.LocaleType@5323999f
2023-04-28 14:10:15.441 DEBUG 24941 --- [    Test worker] org.hibernate.type.BasicTypeRegistry     : Adding type registration currency -> org.hibernate.type.CurrencyType@7f51f588
2023-04-28 14:10:15.442 DEBUG 24941 --- [    Test worker] org.hibernate.type.BasicTypeRegistry     : Adding type registration java.util.Currency -> org.hibernate.type.CurrencyType@7f51f588
2023-04-28 14:10:15.442 DEBUG 24941 --- [    Test worker] org.hibernate.type.BasicTypeRegistry     : Adding type registration timezone -> org.hibernate.type.TimeZoneType@372954e1
2023-04-28 14:10:15.442 DEBUG 24941 --- [    Test worker] org.hibernate.type.BasicTypeRegistry     : Adding type registration java.util.TimeZone -> org.hibernate.type.TimeZoneType@372954e1
2023-04-28 14:10:15.443 DEBUG 24941 --- [    Test worker] org.hibernate.type.BasicTypeRegistry     : Adding type registration class -> org.hibernate.type.ClassType@53cddaf8
2023-04-28 14:10:15.443 DEBUG 24941 --- [    Test worker] org.hibernate.type.BasicTypeRegistry     : Adding type registration java.lang.Class -> org.hibernate.type.ClassType@53cddaf8
2023-04-28 14:10:15.444 DEBUG 24941 --- [    Test worker] org.hibernate.type.BasicTypeRegistry     : Adding type registration uuid-binary -> org.hibernate.type.UUIDBinaryType@1e721583
2023-04-28 14:10:15.444 DEBUG 24941 --- [    Test worker] org.hibernate.type.BasicTypeRegistry     : Adding type registration java.util.UUID -> org.hibernate.type.UUIDBinaryType@1e721583
2023-04-28 14:10:15.445 DEBUG 24941 --- [    Test worker] org.hibernate.type.BasicTypeRegistry     : Adding type registration uuid-char -> org.hibernate.type.UUIDCharType@8b41ad
2023-04-28 14:10:15.445 DEBUG 24941 --- [    Test worker] org.hibernate.type.BasicTypeRegistry     : Adding type registration binary -> org.hibernate.type.BinaryType@4217bce6
2023-04-28 14:10:15.445 DEBUG 24941 --- [    Test worker] org.hibernate.type.BasicTypeRegistry     : Adding type registration byte[] -> org.hibernate.type.BinaryType@4217bce6
2023-04-28 14:10:15.446 DEBUG 24941 --- [    Test worker] org.hibernate.type.BasicTypeRegistry     : Adding type registration [B -> org.hibernate.type.BinaryType@4217bce6
2023-04-28 14:10:15.446 DEBUG 24941 --- [    Test worker] org.hibernate.type.BasicTypeRegistry     : Adding type registration wrapper-binary -> org.hibernate.type.WrapperBinaryType@2e45a357
2023-04-28 14:10:15.447 DEBUG 24941 --- [    Test worker] org.hibernate.type.BasicTypeRegistry     : Adding type registration Byte[] -> org.hibernate.type.WrapperBinaryType@2e45a357
2023-04-28 14:10:15.447 DEBUG 24941 --- [    Test worker] org.hibernate.type.BasicTypeRegistry     : Adding type registration [Ljava.lang.Byte; -> org.hibernate.type.WrapperBinaryType@2e45a357
2023-04-28 14:10:15.447 DEBUG 24941 --- [    Test worker] org.hibernate.type.BasicTypeRegistry     : Adding type registration row_version -> org.hibernate.type.RowVersionType@730bea0
2023-04-28 14:10:15.448 DEBUG 24941 --- [    Test worker] org.hibernate.type.BasicTypeRegistry     : Adding type registration image -> org.hibernate.type.ImageType@19d53ab4
2023-04-28 14:10:15.448 DEBUG 24941 --- [    Test worker] org.hibernate.type.BasicTypeRegistry     : Adding type registration characters -> org.hibernate.type.CharArrayType@652e345
2023-04-28 14:10:15.448 DEBUG 24941 --- [    Test worker] org.hibernate.type.BasicTypeRegistry     : Adding type registration char[] -> org.hibernate.type.CharArrayType@652e345
2023-04-28 14:10:15.449 DEBUG 24941 --- [    Test worker] org.hibernate.type.BasicTypeRegistry     : Adding type registration [C -> org.hibernate.type.CharArrayType@652e345
2023-04-28 14:10:15.449 DEBUG 24941 --- [    Test worker] org.hibernate.type.BasicTypeRegistry     : Adding type registration wrapper-characters -> org.hibernate.type.CharacterArrayType@1af677f8
2023-04-28 14:10:15.450 DEBUG 24941 --- [    Test worker] org.hibernate.type.BasicTypeRegistry     : Adding type registration [Ljava.lang.Character; -> org.hibernate.type.CharacterArrayType@1af677f8
2023-04-28 14:10:15.450 DEBUG 24941 --- [    Test worker] org.hibernate.type.BasicTypeRegistry     : Adding type registration Character[] -> org.hibernate.type.CharacterArrayType@1af677f8
2023-04-28 14:10:15.450 DEBUG 24941 --- [    Test worker] org.hibernate.type.BasicTypeRegistry     : Adding type registration text -> org.hibernate.type.TextType@34cd65ac
2023-04-28 14:10:15.450 DEBUG 24941 --- [    Test worker] org.hibernate.type.BasicTypeRegistry     : Adding type registration ntext -> org.hibernate.type.NTextType@7272ee51
2023-04-28 14:10:15.451 DEBUG 24941 --- [    Test worker] org.hibernate.type.BasicTypeRegistry     : Adding type registration blob -> org.hibernate.type.BlobType@1883871b
2023-04-28 14:10:15.452 DEBUG 24941 --- [    Test worker] org.hibernate.type.BasicTypeRegistry     : Adding type registration java.sql.Blob -> org.hibernate.type.BlobType@1883871b
2023-04-28 14:10:15.452 DEBUG 24941 --- [    Test worker] org.hibernate.type.BasicTypeRegistry     : Adding type registration materialized_blob -> org.hibernate.type.MaterializedBlobType@240a2619
2023-04-28 14:10:15.453 DEBUG 24941 --- [    Test worker] org.hibernate.type.BasicTypeRegistry     : Adding type registration clob -> org.hibernate.type.ClobType@1689527c
2023-04-28 14:10:15.453 DEBUG 24941 --- [    Test worker] org.hibernate.type.BasicTypeRegistry     : Adding type registration java.sql.Clob -> org.hibernate.type.ClobType@1689527c
2023-04-28 14:10:15.454 DEBUG 24941 --- [    Test worker] org.hibernate.type.BasicTypeRegistry     : Adding type registration nclob -> org.hibernate.type.NClobType@314b7945
2023-04-28 14:10:15.454 DEBUG 24941 --- [    Test worker] org.hibernate.type.BasicTypeRegistry     : Adding type registration java.sql.NClob -> org.hibernate.type.NClobType@314b7945
2023-04-28 14:10:15.454 DEBUG 24941 --- [    Test worker] org.hibernate.type.BasicTypeRegistry     : Adding type registration materialized_clob -> org.hibernate.type.MaterializedClobType@2049e582
2023-04-28 14:10:15.455 DEBUG 24941 --- [    Test worker] org.hibernate.type.BasicTypeRegistry     : Adding type registration materialized_nclob -> org.hibernate.type.MaterializedNClobType@365cef67
2023-04-28 14:10:15.455 DEBUG 24941 --- [    Test worker] org.hibernate.type.BasicTypeRegistry     : Adding type registration serializable -> org.hibernate.type.SerializableType@4c5406b
2023-04-28 14:10:15.458 DEBUG 24941 --- [    Test worker] org.hibernate.type.BasicTypeRegistry     : Adding type registration object -> org.hibernate.type.ObjectType@1de5cc88
2023-04-28 14:10:15.458 DEBUG 24941 --- [    Test worker] org.hibernate.type.BasicTypeRegistry     : Adding type registration java.lang.Object -> org.hibernate.type.ObjectType@1de5cc88
2023-04-28 14:10:15.458 DEBUG 24941 --- [    Test worker] org.hibernate.type.BasicTypeRegistry     : Adding type registration imm_date -> org.hibernate.type.AdaptedImmutableType@3ef3f661
2023-04-28 14:10:15.459 DEBUG 24941 --- [    Test worker] org.hibernate.type.BasicTypeRegistry     : Adding type registration imm_time -> org.hibernate.type.AdaptedImmutableType@baa9ce4
2023-04-28 14:10:15.459 DEBUG 24941 --- [    Test worker] org.hibernate.type.BasicTypeRegistry     : Adding type registration imm_timestamp -> org.hibernate.type.AdaptedImmutableType@5b332439
2023-04-28 14:10:15.459 DEBUG 24941 --- [    Test worker] org.hibernate.type.BasicTypeRegistry     : Adding type registration imm_dbtimestamp -> org.hibernate.type.AdaptedImmutableType@59262a90
2023-04-28 14:10:15.459 DEBUG 24941 --- [    Test worker] org.hibernate.type.BasicTypeRegistry     : Adding type registration imm_calendar -> org.hibernate.type.AdaptedImmutableType@78479f2b
2023-04-28 14:10:15.459 DEBUG 24941 --- [    Test worker] org.hibernate.type.BasicTypeRegistry     : Adding type registration imm_calendar_date -> org.hibernate.type.AdaptedImmutableType@2755617b
2023-04-28 14:10:15.459 DEBUG 24941 --- [    Test worker] org.hibernate.type.BasicTypeRegistry     : Adding type registration imm_binary -> org.hibernate.type.AdaptedImmutableType@65859b44
2023-04-28 14:10:15.459 DEBUG 24941 --- [    Test worker] org.hibernate.type.BasicTypeRegistry     : Adding type registration imm_serializable -> org.hibernate.type.AdaptedImmutableType@d9f5fce
2023-04-28 14:10:15.493  INFO 24941 --- [    Test worker] com.zaxxer.hikari.HikariDataSource       : HikariPool-1 - Starting...
2023-04-28 14:10:15.602  INFO 24941 --- [    Test worker] com.zaxxer.hikari.HikariDataSource       : HikariPool-1 - Start completed.
2023-04-28 14:10:15.629  INFO 24941 --- [    Test worker] org.hibernate.dialect.Dialect            : HHH000400: Using dialect: org.hibernate.dialect.MariaDB53Dialect
2023-04-28 14:10:15.665 DEBUG 24941 --- [    Test worker] o.h.type.spi.TypeConfiguration$Scope     : Scoping TypeConfiguration [org.hibernate.type.spi.TypeConfiguration@2cea921a] to MetadataBuildingContext [org.hibernate.boot.internal.MetadataBuildingContextRootImpl@65753724]
2023-04-28 14:10:15.893 DEBUG 24941 --- [    Test worker] org.hibernate.type.EnumType              : Using NAMED-based conversion for Enum com.everyparking.server.data.entity.RoleType
2023-04-28 14:10:15.894 DEBUG 24941 --- [    Test worker] org.hibernate.type.EnumType              : Using NAMED-based conversion for Enum com.everyparking.server.data.entity.CarStatus
2023-04-28 14:10:15.894 DEBUG 24941 --- [    Test worker] org.hibernate.type.EnumType              : Using NAMED-based conversion for Enum com.everyparking.server.data.entity.ParkingStatus
2023-04-28 14:10:15.894 DEBUG 24941 --- [    Test worker] o.h.type.spi.TypeConfiguration$Scope     : Scoping TypeConfiguration [org.hibernate.type.spi.TypeConfiguration@2cea921a] to SessionFactoryImpl [org.hibernate.internal.SessionFactoryImpl@416c8bb5]
2023-04-28 14:10:16.214 DEBUG 24941 --- [    Test worker] org.hibernate.SQL                        : 
    
    alter table member 
       drop 
       foreign key FKsev4q8fdxwy6niycwskmklvwx
2023-04-28 14:10:16.237 DEBUG 24941 --- [    Test worker] org.hibernate.SQL                        : 
    
    alter table message 
       drop 
       foreign key FK4msccpwmxulmw875edu7p352d
2023-04-28 14:10:16.251 DEBUG 24941 --- [    Test worker] org.hibernate.SQL                        : 
    
    alter table message 
       drop 
       foreign key FKjusoilghlrkxd2gam6ly30fdd
2023-04-28 14:10:16.265 DEBUG 24941 --- [    Test worker] org.hibernate.SQL                        : 
    
    alter table message 
       drop 
       foreign key FKeid59e86pmn4dcpuborxrk3id
2023-04-28 14:10:16.278 DEBUG 24941 --- [    Test worker] org.hibernate.SQL                        : 
    
    alter table parking_info 
       drop 
       foreign key FKjhj2r0t48s78k97qf72xpawm0
2023-04-28 14:10:16.291 DEBUG 24941 --- [    Test worker] org.hibernate.SQL                        : 
    
    alter table parking_info 
       drop 
       foreign key FKjlmlpqme43cbfesbaj3f30225
2023-04-28 14:10:16.304 DEBUG 24941 --- [    Test worker] org.hibernate.SQL                        : 
    
    drop table if exists car
2023-04-28 14:10:16.318 DEBUG 24941 --- [    Test worker] org.hibernate.SQL                        : 
    
    drop table if exists member
2023-04-28 14:10:16.332 DEBUG 24941 --- [    Test worker] org.hibernate.SQL                        : 
    
    drop table if exists message
2023-04-28 14:10:16.346 DEBUG 24941 --- [    Test worker] org.hibernate.SQL                        : 
    
    drop table if exists parking_info
2023-04-28 14:10:16.448 DEBUG 24941 --- [    Test worker] org.hibernate.SQL                        : 
    
    drop table if exists parking_lot
2023-04-28 14:10:16.568 DEBUG 24941 --- [    Test worker] org.hibernate.SQL                        : 
    
    drop table if exists report
2023-04-28 14:10:16.722 DEBUG 24941 --- [    Test worker] org.hibernate.SQL                        : 
    
    create table car (
       car_id bigint not null auto_increment,
        created_time datetime(6),
        last_modified_time datetime(6),
        car_number varchar(255),
        car_status varchar(255),
        model_name varchar(255),
        primary key (car_id)
    ) engine=InnoDB
2023-04-28 14:10:17.028 DEBUG 24941 --- [    Test worker] org.hibernate.SQL                        : 
    
    create table member (
       member_id bigint not null auto_increment,
        created_time datetime(6),
        last_modified_time datetime(6),
        password varchar(255),
        role_type varchar(255),
        user_id varchar(255),
        address varchar(255),
        email varchar(255),
        phone_number varchar(255),
        user_name varchar(255),
        car_id bigint,
        primary key (member_id)
    ) engine=InnoDB
2023-04-28 14:10:17.235 DEBUG 24941 --- [    Test worker] org.hibernate.SQL                        : 
    
    create table message (
       message_id bigint not null auto_increment,
        created_time datetime(6),
        last_modified_time datetime(6),
        details varchar(255),
        member_id bigint,
        sender_member_id bigint,
        primary key (message_id)
    ) engine=InnoDB
2023-04-28 14:10:17.450 DEBUG 24941 --- [    Test worker] org.hibernate.SQL                        : 
    
    create table parking_info (
       parking_info_id bigint not null auto_increment,
        created_time datetime(6),
        last_modified_time datetime(6),
        parking_number integer not null,
        parking_status varchar(255),
        car_id bigint,
        parking_lot_id bigint,
        primary key (parking_info_id)
    ) engine=InnoDB
2023-04-28 14:10:17.744 DEBUG 24941 --- [    Test worker] org.hibernate.SQL                        : 
    
    create table parking_lot (
       parking_lot_id bigint not null auto_increment,
        created_time datetime(6),
        last_modified_time datetime(6),
        available integer not null,
        name varchar(255),
        total integer not null,
        used integer not null,
        primary key (parking_lot_id)
    ) engine=InnoDB
2023-04-28 14:10:18.052 DEBUG 24941 --- [    Test worker] org.hibernate.SQL                        : 
    
    create table report (
       report_id bigint not null auto_increment,
        created_time datetime(6),
        last_modified_time datetime(6),
        detail varchar(255),
        primary key (report_id)
    ) engine=InnoDB
2023-04-28 14:10:18.209 DEBUG 24941 --- [    Test worker] org.hibernate.SQL                        : 
    
    alter table member 
       add constraint FKsev4q8fdxwy6niycwskmklvwx 
       foreign key (car_id) 
       references car (car_id)
2023-04-28 14:10:18.975 DEBUG 24941 --- [    Test worker] org.hibernate.SQL                        : 
    
    alter table message 
       add constraint FK4msccpwmxulmw875edu7p352d 
       foreign key (member_id) 
       references member (member_id)
2023-04-28 14:10:19.446 DEBUG 24941 --- [    Test worker] org.hibernate.SQL                        : 
    
    alter table message 
       add constraint FKjusoilghlrkxd2gam6ly30fdd 
       foreign key (sender_member_id) 
       references member (member_id)
2023-04-28 14:10:20.152 DEBUG 24941 --- [    Test worker] org.hibernate.SQL                        : 
    
    alter table message 
       add constraint FKeid59e86pmn4dcpuborxrk3id 
       foreign key (message_id) 
       references member (member_id)
2023-04-28 14:10:20.816 DEBUG 24941 --- [    Test worker] org.hibernate.SQL                        : 
    
    alter table parking_info 
       add constraint FKjhj2r0t48s78k97qf72xpawm0 
       foreign key (car_id) 
       references car (car_id)
2023-04-28 14:10:21.430 DEBUG 24941 --- [    Test worker] org.hibernate.SQL                        : 
    
    alter table parking_info 
       add constraint FKjlmlpqme43cbfesbaj3f30225 
       foreign key (parking_lot_id) 
       references parking_lot (parking_lot_id)
2023-04-28 14:10:22.047  INFO 24941 --- [    Test worker] o.h.e.t.j.p.i.JtaPlatformInitiator       : HHH000490: Using JtaPlatform implementation: [org.hibernate.engine.transaction.jta.platform.internal.NoJtaPlatform]
2023-04-28 14:10:22.056 TRACE 24941 --- [    Test worker] o.h.type.spi.TypeConfiguration$Scope     : Handling #sessionFactoryCreated from [org.hibernate.internal.SessionFactoryImpl@416c8bb5] for TypeConfiguration
2023-04-28 14:10:22.057  INFO 24941 --- [    Test worker] j.LocalContainerEntityManagerFactoryBean : Initialized JPA EntityManagerFactory for persistence unit 'default'
2023-04-28 14:10:22.462 DEBUG 24941 --- [    Test worker] org.hibernate.SQL                        : 
    insert 
    into
        member
        (created_time, last_modified_time, car_id, password, role_type, user_id, address, email, phone_number, user_name) 
    values
        (?, ?, ?, ?, ?, ?, ?, ?, ?, ?)
2023-04-28 14:10:22.468 TRACE 24941 --- [    Test worker] o.h.type.descriptor.sql.BasicBinder      : binding parameter [1] as [TIMESTAMP] - [2023-04-28T14:10:22.441995]
2023-04-28 14:10:22.468 TRACE 24941 --- [    Test worker] o.h.type.descriptor.sql.BasicBinder      : binding parameter [2] as [TIMESTAMP] - [null]
2023-04-28 14:10:22.469 TRACE 24941 --- [    Test worker] o.h.type.descriptor.sql.BasicBinder      : binding parameter [3] as [BIGINT] - [null]
2023-04-28 14:10:22.469 TRACE 24941 --- [    Test worker] o.h.type.descriptor.sql.BasicBinder      : binding parameter [4] as [VARCHAR] - [1234]
2023-04-28 14:10:22.469 TRACE 24941 --- [    Test worker] o.h.type.descriptor.sql.BasicBinder      : binding parameter [5] as [VARCHAR] - [USER]
2023-04-28 14:10:22.469 TRACE 24941 --- [    Test worker] o.h.type.descriptor.sql.BasicBinder      : binding parameter [6] as [VARCHAR] - [user1]
2023-04-28 14:10:22.469 TRACE 24941 --- [    Test worker] o.h.type.descriptor.sql.BasicBinder      : binding parameter [7] as [VARCHAR] - [addr1]
2023-04-28 14:10:22.469 TRACE 24941 --- [    Test worker] o.h.type.descriptor.sql.BasicBinder      : binding parameter [8] as [VARCHAR] - [user1@ooo.com]
2023-04-28 14:10:22.469 TRACE 24941 --- [    Test worker] o.h.type.descriptor.sql.BasicBinder      : binding parameter [9] as [VARCHAR] - [123-1234-1234]
2023-04-28 14:10:22.469 TRACE 24941 --- [    Test worker] o.h.type.descriptor.sql.BasicBinder      : binding parameter [10] as [VARCHAR] - [user1]
2023-04-28 14:10:22.521 DEBUG 24941 --- [    Test worker] org.hibernate.SQL                        : 
    insert 
    into
        car
        (created_time, last_modified_time, car_number, car_status, model_name) 
    values
        (?, ?, ?, ?, ?)
2023-04-28 14:10:22.521 TRACE 24941 --- [    Test worker] o.h.type.descriptor.sql.BasicBinder      : binding parameter [1] as [TIMESTAMP] - [2023-04-28T14:10:22.519043]
2023-04-28 14:10:22.522 TRACE 24941 --- [    Test worker] o.h.type.descriptor.sql.BasicBinder      : binding parameter [2] as [TIMESTAMP] - [null]
2023-04-28 14:10:22.522 TRACE 24941 --- [    Test worker] o.h.type.descriptor.sql.BasicBinder      : binding parameter [3] as [VARCHAR] - [1234]
2023-04-28 14:10:22.522 TRACE 24941 --- [    Test worker] o.h.type.descriptor.sql.BasicBinder      : binding parameter [4] as [VARCHAR] - [APPROVED]
2023-04-28 14:10:22.522 TRACE 24941 --- [    Test worker] o.h.type.descriptor.sql.BasicBinder      : binding parameter [5] as [VARCHAR] - [Escalade]
2023-04-28 14:10:22.531 DEBUG 24941 --- [    Test worker] org.hibernate.SQL                        : 
    insert 
    into
        member
        (created_time, last_modified_time, car_id, password, role_type, user_id, address, email, phone_number, user_name) 
    values
        (?, ?, ?, ?, ?, ?, ?, ?, ?, ?)
2023-04-28 14:10:22.531 TRACE 24941 --- [    Test worker] o.h.type.descriptor.sql.BasicBinder      : binding parameter [1] as [TIMESTAMP] - [2023-04-28T14:10:22.517629]
2023-04-28 14:10:22.532 TRACE 24941 --- [    Test worker] o.h.type.descriptor.sql.BasicBinder      : binding parameter [2] as [TIMESTAMP] - [null]
2023-04-28 14:10:22.532 TRACE 24941 --- [    Test worker] o.h.type.descriptor.sql.BasicBinder      : binding parameter [3] as [BIGINT] - [1]
2023-04-28 14:10:22.532 TRACE 24941 --- [    Test worker] o.h.type.descriptor.sql.BasicBinder      : binding parameter [4] as [VARCHAR] - [1111]
2023-04-28 14:10:22.532 TRACE 24941 --- [    Test worker] o.h.type.descriptor.sql.BasicBinder      : binding parameter [5] as [VARCHAR] - [USER]
2023-04-28 14:10:22.532 TRACE 24941 --- [    Test worker] o.h.type.descriptor.sql.BasicBinder      : binding parameter [6] as [VARCHAR] - [user2]
2023-04-28 14:10:22.532 TRACE 24941 --- [    Test worker] o.h.type.descriptor.sql.BasicBinder      : binding parameter [7] as [VARCHAR] - [addr2]
2023-04-28 14:10:22.532 TRACE 24941 --- [    Test worker] o.h.type.descriptor.sql.BasicBinder      : binding parameter [8] as [VARCHAR] - [user2@ooo.com]
2023-04-28 14:10:22.533 TRACE 24941 --- [    Test worker] o.h.type.descriptor.sql.BasicBinder      : binding parameter [9] as [VARCHAR] - [143-5632-1235]
2023-04-28 14:10:22.533 TRACE 24941 --- [    Test worker] o.h.type.descriptor.sql.BasicBinder      : binding parameter [10] as [VARCHAR] - [user2]
2023-04-28 14:10:22.573 DEBUG 24941 --- [    Test worker] org.hibernate.SQL                        : 
    insert 
    into
        message
        (created_time, last_modified_time, details, member_id, sender_member_id) 
    values
        (?, ?, ?, ?, ?)
2023-04-28 14:10:22.573 TRACE 24941 --- [    Test worker] o.h.type.descriptor.sql.BasicBinder      : binding parameter [1] as [TIMESTAMP] - [2023-04-28T14:10:22.571710]
2023-04-28 14:10:22.573 TRACE 24941 --- [    Test worker] o.h.type.descriptor.sql.BasicBinder      : binding parameter [2] as [TIMESTAMP] - [null]
2023-04-28 14:10:22.574 TRACE 24941 --- [    Test worker] o.h.type.descriptor.sql.BasicBinder      : binding parameter [3] as [VARCHAR] - [message1]
2023-04-28 14:10:22.574 TRACE 24941 --- [    Test worker] o.h.type.descriptor.sql.BasicBinder      : binding parameter [4] as [BIGINT] - [2]
2023-04-28 14:10:22.574 TRACE 24941 --- [    Test worker] o.h.type.descriptor.sql.BasicBinder      : binding parameter [5] as [BIGINT] - [1]
2023-04-28 14:10:22.680 DEBUG 24941 --- [    Test worker] org.hibernate.SQL                        : 
    select
        message0_.message_id as message_1_2_,
        message0_.created_time as created_2_2_,
        message0_.last_modified_time as last_mod3_2_,
        message0_.details as details4_2_,
        message0_.member_id as member_i5_2_,
        message0_.sender_member_id as sender_m6_2_ 
    from
        message message0_ 
    where
        message0_.sender_member_id=?
2023-04-28 14:10:22.681 TRACE 24941 --- [    Test worker] o.h.type.descriptor.sql.BasicBinder      : binding parameter [1] as [BIGINT] - [1]
2023-04-28 14:10:22.691 TRACE 24941 --- [    Test worker] o.h.type.descriptor.sql.BasicExtractor   : extracted value ([message_1_2_] : [BIGINT]) - [1]
2023-04-28 14:10:22.693 TRACE 24941 --- [    Test worker] o.h.type.descriptor.sql.BasicExtractor   : extracted value ([created_2_2_] : [TIMESTAMP]) - [2023-04-28T14:10:22.571710]
2023-04-28 14:10:22.693 TRACE 24941 --- [    Test worker] o.h.type.descriptor.sql.BasicExtractor   : extracted value ([last_mod3_2_] : [TIMESTAMP]) - [null]
2023-04-28 14:10:22.693 TRACE 24941 --- [    Test worker] o.h.type.descriptor.sql.BasicExtractor   : extracted value ([details4_2_] : [VARCHAR]) - [message1]
2023-04-28 14:10:22.693 TRACE 24941 --- [    Test worker] o.h.type.descriptor.sql.BasicExtractor   : extracted value ([member_i5_2_] : [BIGINT]) - [2]
2023-04-28 14:10:22.694 TRACE 24941 --- [    Test worker] o.h.type.descriptor.sql.BasicExtractor   : extracted value ([sender_m6_2_] : [BIGINT]) - [1]
2023-04-28 14:10:22.697 DEBUG 24941 --- [    Test worker] org.hibernate.SQL                        : 
    select
        member0_.member_id as member_i1_1_0_,
        member0_.created_time as created_2_1_0_,
        member0_.last_modified_time as last_mod3_1_0_,
        member0_.car_id as car_id11_1_0_,
        member0_.password as password4_1_0_,
        member0_.role_type as role_typ5_1_0_,
        member0_.user_id as user_id6_1_0_,
        member0_.address as address7_1_0_,
        member0_.email as email8_1_0_,
        member0_.phone_number as phone_nu9_1_0_,
        member0_.user_name as user_na10_1_0_,
        car1_.car_id as car_id1_0_1_,
        car1_.created_time as created_2_0_1_,
        car1_.last_modified_time as last_mod3_0_1_,
        car1_.car_number as car_numb4_0_1_,
        car1_.car_status as car_stat5_0_1_,
        car1_.model_name as model_na6_0_1_ 
    from
        member member0_ 
    left outer join
        car car1_ 
            on member0_.car_id=car1_.car_id 
    where
        member0_.member_id=?
2023-04-28 14:10:22.697 TRACE 24941 --- [    Test worker] o.h.type.descriptor.sql.BasicBinder      : binding parameter [1] as [BIGINT] - [2]
2023-04-28 14:10:22.707 TRACE 24941 --- [    Test worker] o.h.type.descriptor.sql.BasicExtractor   : extracted value ([car_id1_0_1_] : [BIGINT]) - [1]
2023-04-28 14:10:22.707 TRACE 24941 --- [    Test worker] o.h.type.descriptor.sql.BasicExtractor   : extracted value ([created_2_1_0_] : [TIMESTAMP]) - [2023-04-28T14:10:22.517629]
2023-04-28 14:10:22.708 TRACE 24941 --- [    Test worker] o.h.type.descriptor.sql.BasicExtractor   : extracted value ([last_mod3_1_0_] : [TIMESTAMP]) - [null]
2023-04-28 14:10:22.708 TRACE 24941 --- [    Test worker] o.h.type.descriptor.sql.BasicExtractor   : extracted value ([car_id11_1_0_] : [BIGINT]) - [1]
2023-04-28 14:10:22.708 TRACE 24941 --- [    Test worker] o.h.type.descriptor.sql.BasicExtractor   : extracted value ([password4_1_0_] : [VARCHAR]) - [1111]
2023-04-28 14:10:22.708 TRACE 24941 --- [    Test worker] o.h.type.descriptor.sql.BasicExtractor   : extracted value ([role_typ5_1_0_] : [VARCHAR]) - [USER]
2023-04-28 14:10:22.708 TRACE 24941 --- [    Test worker] o.h.type.descriptor.sql.BasicExtractor   : extracted value ([user_id6_1_0_] : [VARCHAR]) - [user2]
2023-04-28 14:10:22.708 TRACE 24941 --- [    Test worker] o.h.type.descriptor.sql.BasicExtractor   : extracted value ([address7_1_0_] : [VARCHAR]) - [addr2]
2023-04-28 14:10:22.708 TRACE 24941 --- [    Test worker] o.h.type.descriptor.sql.BasicExtractor   : extracted value ([email8_1_0_] : [VARCHAR]) - [user2@ooo.com]
2023-04-28 14:10:22.708 TRACE 24941 --- [    Test worker] o.h.type.descriptor.sql.BasicExtractor   : extracted value ([phone_nu9_1_0_] : [VARCHAR]) - [143-5632-1235]
2023-04-28 14:10:22.708 TRACE 24941 --- [    Test worker] o.h.type.descriptor.sql.BasicExtractor   : extracted value ([user_na10_1_0_] : [VARCHAR]) - [user2]
2023-04-28 14:10:22.709 TRACE 24941 --- [    Test worker] o.h.type.descriptor.sql.BasicExtractor   : extracted value ([created_2_0_1_] : [TIMESTAMP]) - [2023-04-28T14:10:22.519043]
2023-04-28 14:10:22.709 TRACE 24941 --- [    Test worker] o.h.type.descriptor.sql.BasicExtractor   : extracted value ([last_mod3_0_1_] : [TIMESTAMP]) - [null]
2023-04-28 14:10:22.709 TRACE 24941 --- [    Test worker] o.h.type.descriptor.sql.BasicExtractor   : extracted value ([car_numb4_0_1_] : [VARCHAR]) - [1234]
2023-04-28 14:10:22.709 TRACE 24941 --- [    Test worker] o.h.type.descriptor.sql.BasicExtractor   : extracted value ([car_stat5_0_1_] : [VARCHAR]) - [APPROVED]
2023-04-28 14:10:22.709 TRACE 24941 --- [    Test worker] o.h.type.descriptor.sql.BasicExtractor   : extracted value ([model_na6_0_1_] : [VARCHAR]) - [Escalade]
2023-04-28 14:10:22.714 TRACE 24941 --- [    Test worker] org.hibernate.type.CollectionType        : Created collection wrapper: [com.everyparking.server.data.entity.Member.messageList#2]
2023-04-28 14:10:22.714 TRACE 24941 --- [    Test worker] org.hibernate.type.CollectionType        : Created collection wrapper: [com.everyparking.server.data.entity.Car.parkingInfo#1]
2023-04-28 14:10:22.721  INFO 24941 --- [    Test worker] com.everyparking.server.InitData         : message1
2023-04-28 14:10:22.865  WARN 24941 --- [    Test worker] JpaBaseConfiguration$JpaWebConfiguration : spring.jpa.open-in-view is enabled by default. Therefore, database queries may be performed during view rendering. Explicitly configure spring.jpa.open-in-view to disable this warning
2023-04-28 14:10:23.327  INFO 24941 --- [    Test worker] c.e.server.ServerApplicationTests        : Started ServerApplicationTests in 9.533 seconds (JVM running for 10.45)
]]></system-out>
  <system-err><![CDATA[]]></system-err>
</testsuite>
